0 info it worked if it ends with ok
1 verbose cli [ '/Users/gaoyang/.meteor/packages/meteor-tool/.1.4.2.g8rrin++os.osx.x86_64+web.browser+web.cordova/mt-os.osx.x86_64/dev_bundle/bin/node',
1 verbose cli   '/Users/gaoyang/.meteor/packages/meteor-tool/.1.4.2.g8rrin++os.osx.x86_64+web.browser+web.cordova/mt-os.osx.x86_64/dev_bundle/bin/npm',
1 verbose cli   'install',
1 verbose cli   'bcrypt' ]
2 info using npm@3.10.9
3 info using node@v4.6.1
4 silly loadCurrentTree Starting
5 silly install loadCurrentTree
6 silly install readLocalPackageData
7 silly fetchPackageMetaData bcrypt
8 silly fetchNamedPackageData bcrypt
9 silly mapToRegistry name bcrypt
10 silly mapToRegistry using default registry
11 silly mapToRegistry registry https://registry.npmjs.org/
12 silly mapToRegistry data Result {
12 silly mapToRegistry   raw: 'bcrypt',
12 silly mapToRegistry   scope: null,
12 silly mapToRegistry   escapedName: 'bcrypt',
12 silly mapToRegistry   name: 'bcrypt',
12 silly mapToRegistry   rawSpec: '',
12 silly mapToRegistry   spec: 'latest',
12 silly mapToRegistry   type: 'tag' }
13 silly mapToRegistry uri https://registry.npmjs.org/bcrypt
14 verbose request uri https://registry.npmjs.org/bcrypt
15 verbose request no auth needed
16 info attempt registry request try #1 at 8:26:33 PM
17 verbose request id 972a70fe49f42fff
18 verbose etag "EMMVETNYUR2LVZ2EDQFQXI3DT"
19 http request GET https://registry.npmjs.org/bcrypt
20 http 200 https://registry.npmjs.org/bcrypt
21 verbose headers { server: 'nginx/1.10.1',
21 verbose headers   'content-type': 'application/json',
21 verbose headers   'last-modified': 'Sun, 20 Nov 2016 10:27:29 GMT',
21 verbose headers   etag: 'W/"58317a91-1425d"',
21 verbose headers   'content-encoding': 'gzip',
21 verbose headers   'cache-control': 'max-age=300',
21 verbose headers   'content-length': '9947',
21 verbose headers   'accept-ranges': 'bytes',
21 verbose headers   date: 'Sun, 20 Nov 2016 12:26:41 GMT',
21 verbose headers   via: '1.1 varnish',
21 verbose headers   age: '160',
21 verbose headers   connection: 'keep-alive',
21 verbose headers   'x-served-by': 'cache-ams4436-AMS',
21 verbose headers   'x-cache': 'HIT',
21 verbose headers   'x-cache-hits': '1',
21 verbose headers   'x-timer': 'S1479644801.236180,VS0,VE0',
21 verbose headers   vary: 'Accept-Encoding' }
22 silly get cb [ 200,
22 silly get   { server: 'nginx/1.10.1',
22 silly get     'content-type': 'application/json',
22 silly get     'last-modified': 'Sun, 20 Nov 2016 10:27:29 GMT',
22 silly get     etag: 'W/"58317a91-1425d"',
22 silly get     'content-encoding': 'gzip',
22 silly get     'cache-control': 'max-age=300',
22 silly get     'content-length': '9947',
22 silly get     'accept-ranges': 'bytes',
22 silly get     date: 'Sun, 20 Nov 2016 12:26:41 GMT',
22 silly get     via: '1.1 varnish',
22 silly get     age: '160',
22 silly get     connection: 'keep-alive',
22 silly get     'x-served-by': 'cache-ams4436-AMS',
22 silly get     'x-cache': 'HIT',
22 silly get     'x-cache-hits': '1',
22 silly get     'x-timer': 'S1479644801.236180,VS0,VE0',
22 silly get     vary: 'Accept-Encoding' } ]
23 verbose get saving bcrypt to /Users/gaoyang/.npm/registry.npmjs.org/bcrypt/.cache.json
24 verbose correctMkdir /Users/gaoyang/.npm correctMkdir not in flight; initializing
25 silly install normalizeTree
26 silly loadCurrentTree Finishing
27 silly loadIdealTree Starting
28 silly install loadIdealTree
29 silly cloneCurrentTree Starting
30 silly install cloneCurrentTreeToIdealTree
31 silly cloneCurrentTree Finishing
32 silly loadShrinkwrap Starting
33 silly install loadShrinkwrap
34 silly loadShrinkwrap Finishing
35 silly loadAllDepsIntoIdealTree Starting
36 silly install loadAllDepsIntoIdealTree
37 silly resolveWithNewModule bcrypt@0.8.7 checking installable status
38 silly cache add args [ 'bcrypt', null ]
39 verbose cache add spec bcrypt
40 silly cache add parsed spec Result {
40 silly cache add   raw: 'bcrypt',
40 silly cache add   scope: null,
40 silly cache add   escapedName: 'bcrypt',
40 silly cache add   name: 'bcrypt',
40 silly cache add   rawSpec: '',
40 silly cache add   spec: 'latest',
40 silly cache add   type: 'tag' }
41 silly addNamed bcrypt@latest
42 verbose addNamed "latest" is being treated as a dist-tag for bcrypt
43 info addNameTag [ 'bcrypt', 'latest' ]
44 silly mapToRegistry name bcrypt
45 silly mapToRegistry using default registry
46 silly mapToRegistry registry https://registry.npmjs.org/
47 silly mapToRegistry data Result {
47 silly mapToRegistry   raw: 'bcrypt',
47 silly mapToRegistry   scope: null,
47 silly mapToRegistry   escapedName: 'bcrypt',
47 silly mapToRegistry   name: 'bcrypt',
47 silly mapToRegistry   rawSpec: '',
47 silly mapToRegistry   spec: 'latest',
47 silly mapToRegistry   type: 'tag' }
48 silly mapToRegistry uri https://registry.npmjs.org/bcrypt
49 verbose addNameTag registry:https://registry.npmjs.org/bcrypt not in flight; fetching
50 verbose get https://registry.npmjs.org/bcrypt not expired, no request
51 silly addNameTag next cb for bcrypt with tag latest
52 silly addNamed bcrypt@0.8.7
53 verbose addNamed "0.8.7" is a plain semver version for bcrypt
54 silly cache afterAdd bcrypt@0.8.7
55 verbose afterAdd /Users/gaoyang/.npm/bcrypt/0.8.7/package/package.json not in flight; writing
56 verbose correctMkdir /Users/gaoyang/.npm correctMkdir not in flight; initializing
57 verbose afterAdd /Users/gaoyang/.npm/bcrypt/0.8.7/package/package.json written
58 silly fetchNamedPackageData bindings
59 silly mapToRegistry name bindings
60 silly mapToRegistry using default registry
61 silly mapToRegistry registry https://registry.npmjs.org/
62 silly mapToRegistry data Result {
62 silly mapToRegistry   raw: 'bindings',
62 silly mapToRegistry   scope: null,
62 silly mapToRegistry   escapedName: 'bindings',
62 silly mapToRegistry   name: 'bindings',
62 silly mapToRegistry   rawSpec: '',
62 silly mapToRegistry   spec: 'latest',
62 silly mapToRegistry   type: 'tag' }
63 silly mapToRegistry uri https://registry.npmjs.org/bindings
64 silly fetchNamedPackageData nan
65 silly mapToRegistry name nan
66 silly mapToRegistry using default registry
67 silly mapToRegistry registry https://registry.npmjs.org/
68 silly mapToRegistry data Result {
68 silly mapToRegistry   raw: 'nan',
68 silly mapToRegistry   scope: null,
68 silly mapToRegistry   escapedName: 'nan',
68 silly mapToRegistry   name: 'nan',
68 silly mapToRegistry   rawSpec: '',
68 silly mapToRegistry   spec: 'latest',
68 silly mapToRegistry   type: 'tag' }
69 silly mapToRegistry uri https://registry.npmjs.org/nan
70 verbose request uri https://registry.npmjs.org/bindings
71 verbose request no auth needed
72 info attempt registry request try #1 at 8:26:45 PM
73 verbose etag "33TX4J3DNTGF7K41ZUV6OA182"
74 http request GET https://registry.npmjs.org/bindings
75 verbose request uri https://registry.npmjs.org/nan
76 verbose request no auth needed
77 info attempt registry request try #1 at 8:26:45 PM
78 verbose etag "1OOZJAUMBQC59OINHZGMRRCSL"
79 http request GET https://registry.npmjs.org/nan
80 http 200 https://registry.npmjs.org/bindings
81 verbose headers { server: 'nginx/1.10.1',
81 verbose headers   'content-type': 'application/json',
81 verbose headers   'last-modified': 'Tue, 18 Oct 2016 15:54:59 GMT',
81 verbose headers   etag: 'W/"580645d3-46f7"',
81 verbose headers   'content-encoding': 'gzip',
81 verbose headers   'cache-control': 'max-age=300',
81 verbose headers   'content-length': '3493',
81 verbose headers   'accept-ranges': 'bytes',
81 verbose headers   date: 'Sun, 20 Nov 2016 12:26:45 GMT',
81 verbose headers   via: '1.1 varnish',
81 verbose headers   age: '242',
81 verbose headers   connection: 'keep-alive',
81 verbose headers   'x-served-by': 'cache-ams4436-AMS',
81 verbose headers   'x-cache': 'HIT',
81 verbose headers   'x-cache-hits': '1',
81 verbose headers   'x-timer': 'S1479644805.669507,VS0,VE8',
81 verbose headers   vary: 'Accept-Encoding' }
82 silly get cb [ 200,
82 silly get   { server: 'nginx/1.10.1',
82 silly get     'content-type': 'application/json',
82 silly get     'last-modified': 'Tue, 18 Oct 2016 15:54:59 GMT',
82 silly get     etag: 'W/"580645d3-46f7"',
82 silly get     'content-encoding': 'gzip',
82 silly get     'cache-control': 'max-age=300',
82 silly get     'content-length': '3493',
82 silly get     'accept-ranges': 'bytes',
82 silly get     date: 'Sun, 20 Nov 2016 12:26:45 GMT',
82 silly get     via: '1.1 varnish',
82 silly get     age: '242',
82 silly get     connection: 'keep-alive',
82 silly get     'x-served-by': 'cache-ams4436-AMS',
82 silly get     'x-cache': 'HIT',
82 silly get     'x-cache-hits': '1',
82 silly get     'x-timer': 'S1479644805.669507,VS0,VE8',
82 silly get     vary: 'Accept-Encoding' } ]
83 verbose get saving bindings to /Users/gaoyang/.npm/registry.npmjs.org/bindings/.cache.json
84 verbose correctMkdir /Users/gaoyang/.npm correctMkdir not in flight; initializing
85 silly resolveWithNewModule bindings@1.2.1 checking installable status
86 silly cache add args [ 'bindings@1.2.1', null ]
87 verbose cache add spec bindings@1.2.1
88 silly cache add parsed spec Result {
88 silly cache add   raw: 'bindings@1.2.1',
88 silly cache add   scope: null,
88 silly cache add   escapedName: 'bindings',
88 silly cache add   name: 'bindings',
88 silly cache add   rawSpec: '1.2.1',
88 silly cache add   spec: '1.2.1',
88 silly cache add   type: 'version' }
89 silly addNamed bindings@1.2.1
90 verbose addNamed "1.2.1" is a plain semver version for bindings
91 silly mapToRegistry name bindings
92 silly mapToRegistry using default registry
93 silly mapToRegistry registry https://registry.npmjs.org/
94 silly mapToRegistry data Result {
94 silly mapToRegistry   raw: 'bindings',
94 silly mapToRegistry   scope: null,
94 silly mapToRegistry   escapedName: 'bindings',
94 silly mapToRegistry   name: 'bindings',
94 silly mapToRegistry   rawSpec: '',
94 silly mapToRegistry   spec: 'latest',
94 silly mapToRegistry   type: 'tag' }
95 silly mapToRegistry uri https://registry.npmjs.org/bindings
96 verbose addNameVersion registry:https://registry.npmjs.org/bindings not in flight; fetching
97 verbose get https://registry.npmjs.org/bindings not expired, no request
98 silly cache afterAdd bindings@1.2.1
99 verbose afterAdd /Users/gaoyang/.npm/bindings/1.2.1/package/package.json not in flight; writing
100 verbose correctMkdir /Users/gaoyang/.npm correctMkdir not in flight; initializing
101 verbose afterAdd /Users/gaoyang/.npm/bindings/1.2.1/package/package.json written
102 http 200 https://registry.npmjs.org/nan
103 verbose headers { server: 'nginx/1.10.1',
103 verbose headers   'content-type': 'application/json',
103 verbose headers   'last-modified': 'Tue, 01 Nov 2016 17:56:25 GMT',
103 verbose headers   etag: 'W/"5818d749-1ce1e"',
103 verbose headers   'content-encoding': 'gzip',
103 verbose headers   'cache-control': 'max-age=300',
103 verbose headers   'content-length': '14063',
103 verbose headers   'accept-ranges': 'bytes',
103 verbose headers   date: 'Sun, 20 Nov 2016 12:26:46 GMT',
103 verbose headers   via: '1.1 varnish',
103 verbose headers   age: '182',
103 verbose headers   connection: 'keep-alive',
103 verbose headers   'x-served-by': 'cache-ams4441-AMS',
103 verbose headers   'x-cache': 'HIT',
103 verbose headers   'x-cache-hits': '1',
103 verbose headers   'x-timer': 'S1479644806.785067,VS0,VE0',
103 verbose headers   vary: 'Accept-Encoding' }
104 silly get cb [ 200,
104 silly get   { server: 'nginx/1.10.1',
104 silly get     'content-type': 'application/json',
104 silly get     'last-modified': 'Tue, 01 Nov 2016 17:56:25 GMT',
104 silly get     etag: 'W/"5818d749-1ce1e"',
104 silly get     'content-encoding': 'gzip',
104 silly get     'cache-control': 'max-age=300',
104 silly get     'content-length': '14063',
104 silly get     'accept-ranges': 'bytes',
104 silly get     date: 'Sun, 20 Nov 2016 12:26:46 GMT',
104 silly get     via: '1.1 varnish',
104 silly get     age: '182',
104 silly get     connection: 'keep-alive',
104 silly get     'x-served-by': 'cache-ams4441-AMS',
104 silly get     'x-cache': 'HIT',
104 silly get     'x-cache-hits': '1',
104 silly get     'x-timer': 'S1479644806.785067,VS0,VE0',
104 silly get     vary: 'Accept-Encoding' } ]
105 verbose get saving nan to /Users/gaoyang/.npm/registry.npmjs.org/nan/.cache.json
106 verbose correctMkdir /Users/gaoyang/.npm correctMkdir not in flight; initializing
107 silly resolveWithNewModule nan@2.3.5 checking installable status
108 silly cache add args [ 'nan@2.3.5', null ]
109 verbose cache add spec nan@2.3.5
110 silly cache add parsed spec Result {
110 silly cache add   raw: 'nan@2.3.5',
110 silly cache add   scope: null,
110 silly cache add   escapedName: 'nan',
110 silly cache add   name: 'nan',
110 silly cache add   rawSpec: '2.3.5',
110 silly cache add   spec: '2.3.5',
110 silly cache add   type: 'version' }
111 silly addNamed nan@2.3.5
112 verbose addNamed "2.3.5" is a plain semver version for nan
113 silly mapToRegistry name nan
114 silly mapToRegistry using default registry
115 silly mapToRegistry registry https://registry.npmjs.org/
116 silly mapToRegistry data Result {
116 silly mapToRegistry   raw: 'nan',
116 silly mapToRegistry   scope: null,
116 silly mapToRegistry   escapedName: 'nan',
116 silly mapToRegistry   name: 'nan',
116 silly mapToRegistry   rawSpec: '',
116 silly mapToRegistry   spec: 'latest',
116 silly mapToRegistry   type: 'tag' }
117 silly mapToRegistry uri https://registry.npmjs.org/nan
118 verbose addNameVersion registry:https://registry.npmjs.org/nan not in flight; fetching
119 verbose get https://registry.npmjs.org/nan not expired, no request
120 silly cache afterAdd nan@2.3.5
121 verbose afterAdd /Users/gaoyang/.npm/nan/2.3.5/package/package.json not in flight; writing
122 verbose correctMkdir /Users/gaoyang/.npm correctMkdir not in flight; initializing
123 verbose afterAdd /Users/gaoyang/.npm/nan/2.3.5/package/package.json written
124 silly loadAllDepsIntoIdealTree Finishing
125 silly loadIdealTree Finishing
126 silly currentTree hello@
127 silly idealTree hello@
127 silly idealTree ├── bcrypt@0.8.7
127 silly idealTree ├── bindings@1.2.1
127 silly idealTree └── nan@2.3.5
128 silly generateActionsToTake Starting
129 silly install generateActionsToTake
130 silly generateActionsToTake Finishing
131 silly diffTrees action count 3
132 silly diffTrees add bindings@1.2.1
133 silly diffTrees add nan@2.3.5
134 silly diffTrees add bcrypt@0.8.7
135 silly decomposeActions action count 24
136 silly decomposeActions fetch bindings@1.2.1
137 silly decomposeActions extract bindings@1.2.1
138 silly decomposeActions test bindings@1.2.1
139 silly decomposeActions preinstall bindings@1.2.1
140 silly decomposeActions build bindings@1.2.1
141 silly decomposeActions install bindings@1.2.1
142 silly decomposeActions postinstall bindings@1.2.1
143 silly decomposeActions finalize bindings@1.2.1
144 silly decomposeActions fetch nan@2.3.5
145 silly decomposeActions extract nan@2.3.5
146 silly decomposeActions test nan@2.3.5
147 silly decomposeActions preinstall nan@2.3.5
148 silly decomposeActions build nan@2.3.5
149 silly decomposeActions install nan@2.3.5
150 silly decomposeActions postinstall nan@2.3.5
151 silly decomposeActions finalize nan@2.3.5
152 silly decomposeActions fetch bcrypt@0.8.7
153 silly decomposeActions extract bcrypt@0.8.7
154 silly decomposeActions test bcrypt@0.8.7
155 silly decomposeActions preinstall bcrypt@0.8.7
156 silly decomposeActions build bcrypt@0.8.7
157 silly decomposeActions install bcrypt@0.8.7
158 silly decomposeActions postinstall bcrypt@0.8.7
159 silly decomposeActions finalize bcrypt@0.8.7
160 silly runTopLevelLifecycles Starting
161 silly executeActions Starting
162 silly install executeActions
163 silly doSerial global-install 0
164 silly doParallel fetch 3
165 verbose correctMkdir /Users/gaoyang/.npm/_locks correctMkdir not in flight; initializing
166 verbose lock using /Users/gaoyang/.npm/_locks/staging-35fffa94a4fa19ee.lock for /Users/gaoyang/Documents/workspace/meebid-front/node_modules/.staging
167 silly doParallel extract 3
168 silly extract bindings@1.2.1
169 silly extract nan@2.3.5
170 silly extract bcrypt@0.8.7
171 verbose unbuild node_modules/.staging/bindings-a2e4bd31
172 verbose unbuild node_modules/.staging/nan-4180d8f6
173 verbose unbuild node_modules/.staging/bcrypt-bab2034a
174 silly gentlyRm /Users/gaoyang/Documents/workspace/meebid-front/node_modules/.staging/bindings-a2e4bd31 is being purged from base /Users/gaoyang/Documents/workspace/meebid-front
175 verbose gentlyRm don't care about contents; nuking /Users/gaoyang/Documents/workspace/meebid-front/node_modules/.staging/bindings-a2e4bd31
176 silly gentlyRm /Users/gaoyang/Documents/workspace/meebid-front/node_modules/.staging/nan-4180d8f6 is being purged from base /Users/gaoyang/Documents/workspace/meebid-front
177 verbose gentlyRm don't care about contents; nuking /Users/gaoyang/Documents/workspace/meebid-front/node_modules/.staging/nan-4180d8f6
178 silly gentlyRm /Users/gaoyang/Documents/workspace/meebid-front/node_modules/.staging/bcrypt-bab2034a is being purged from base /Users/gaoyang/Documents/workspace/meebid-front
179 verbose gentlyRm don't care about contents; nuking /Users/gaoyang/Documents/workspace/meebid-front/node_modules/.staging/bcrypt-bab2034a
180 verbose tar unpack /Users/gaoyang/.npm/bindings/1.2.1/package.tgz
181 verbose tar unpacking to /Users/gaoyang/Documents/workspace/meebid-front/node_modules/.staging/bindings-a2e4bd31
182 silly gentlyRm /Users/gaoyang/Documents/workspace/meebid-front/node_modules/.staging/bindings-a2e4bd31 is being purged
183 verbose gentlyRm don't care about contents; nuking /Users/gaoyang/Documents/workspace/meebid-front/node_modules/.staging/bindings-a2e4bd31
184 verbose tar unpack /Users/gaoyang/.npm/nan/2.3.5/package.tgz
185 verbose tar unpacking to /Users/gaoyang/Documents/workspace/meebid-front/node_modules/.staging/nan-4180d8f6
186 silly gentlyRm /Users/gaoyang/Documents/workspace/meebid-front/node_modules/.staging/nan-4180d8f6 is being purged
187 verbose gentlyRm don't care about contents; nuking /Users/gaoyang/Documents/workspace/meebid-front/node_modules/.staging/nan-4180d8f6
188 verbose tar unpack /Users/gaoyang/.npm/bcrypt/0.8.7/package.tgz
189 verbose tar unpacking to /Users/gaoyang/Documents/workspace/meebid-front/node_modules/.staging/bcrypt-bab2034a
190 silly gentlyRm /Users/gaoyang/Documents/workspace/meebid-front/node_modules/.staging/bcrypt-bab2034a is being purged
191 verbose gentlyRm don't care about contents; nuking /Users/gaoyang/Documents/workspace/meebid-front/node_modules/.staging/bcrypt-bab2034a
192 silly gunzTarPerm modes [ '755', '644' ]
193 silly gunzTarPerm modes [ '755', '644' ]
194 silly gunzTarPerm modes [ '755', '644' ]
195 silly gunzTarPerm extractEntry package.json
196 silly gunzTarPerm extractEntry package.json
197 silly gunzTarPerm modified mode [ 'package.json', 436, 420 ]
198 silly gunzTarPerm extractEntry package.json
199 silly gunzTarPerm extractEntry README.md
200 silly gunzTarPerm extractEntry bindings.js
201 silly gunzTarPerm extractEntry README.md
202 silly gunzTarPerm modified mode [ 'README.md', 436, 420 ]
203 silly gunzTarPerm extractEntry .npmignore
204 silly gunzTarPerm extractEntry README.md
205 silly gunzTarPerm extractEntry include_dirs.js
206 silly gunzTarPerm modified mode [ 'include_dirs.js', 436, 420 ]
207 silly gunzTarPerm extractEntry nan_converters.h
208 silly gunzTarPerm modified mode [ 'nan_converters.h', 436, 420 ]
209 silly gunzTarPerm extractEntry LICENSE.md
210 silly gunzTarPerm modified mode [ 'LICENSE.md', 436, 420 ]
211 silly gunzTarPerm extractEntry doc/node_misc.md
212 silly gunzTarPerm modified mode [ 'doc/node_misc.md', 436, 420 ]
213 silly gunzTarPerm extractEntry LICENSE
214 silly gunzTarPerm extractEntry bcrypt.js
215 silly gunzTarPerm extractEntry Makefile
216 silly gunzTarPerm extractEntry .travis.yml
217 silly gunzTarPerm extractEntry CHANGELOG.md
218 silly gunzTarPerm extractEntry binding.gyp
219 silly gunzTarPerm extractEntry examples/async_compare.js
220 silly gunzTarPerm extractEntry examples/forever_gen_salt.js
221 silly gunzTarPerm extractEntry test/async.js
222 silly gunzTarPerm extractEntry test/repetitions.js
223 silly gunzTarPerm extractEntry test/sync.js
224 silly gunzTarPerm extractEntry ISSUE_TEMPLATE.md
225 silly gunzTarPerm extractEntry src/bcrypt.cc
226 silly gunzTarPerm extractEntry src/bcrypt_node.cc
227 silly gunzTarPerm extractEntry src/blowfish.cc
228 silly gunzTarPerm extractEntry src/node_blf.h
229 silly gunzTarPerm extractEntry werker.yml
230 silly gunzTarPerm extractEntry doc/asyncworker.md
231 silly gunzTarPerm modified mode [ 'doc/asyncworker.md', 436, 420 ]
232 silly gunzTarPerm extractEntry doc/callback.md
233 silly gunzTarPerm modified mode [ 'doc/callback.md', 436, 420 ]
234 silly gunzTarPerm extractEntry doc/converters.md
235 silly gunzTarPerm modified mode [ 'doc/converters.md', 436, 420 ]
236 silly gunzTarPerm extractEntry doc/errors.md
237 silly gunzTarPerm modified mode [ 'doc/errors.md', 436, 420 ]
238 silly gunzTarPerm extractEntry doc/maybe_types.md
239 silly gunzTarPerm modified mode [ 'doc/maybe_types.md', 436, 420 ]
240 silly gunzTarPerm extractEntry doc/methods.md
241 silly gunzTarPerm modified mode [ 'doc/methods.md', 436, 420 ]
242 silly gunzTarPerm extractEntry doc/new.md
243 silly gunzTarPerm modified mode [ 'doc/new.md', 436, 420 ]
244 silly gentlyRm /Users/gaoyang/Documents/workspace/meebid-front/node_modules/.staging/bindings-a2e4bd31/node_modules is being purged
245 verbose gentlyRm don't care about contents; nuking /Users/gaoyang/Documents/workspace/meebid-front/node_modules/.staging/bindings-a2e4bd31/node_modules
246 silly gunzTarPerm extractEntry doc/buffers.md
247 silly gunzTarPerm modified mode [ 'doc/buffers.md', 436, 420 ]
248 silly gunzTarPerm extractEntry doc/object_wrappers.md
249 silly gunzTarPerm modified mode [ 'doc/object_wrappers.md', 436, 420 ]
250 silly gunzTarPerm extractEntry doc/persistent.md
251 silly gunzTarPerm modified mode [ 'doc/persistent.md', 436, 420 ]
252 silly gunzTarPerm extractEntry doc/scopes.md
253 silly gunzTarPerm modified mode [ 'doc/scopes.md', 436, 420 ]
254 silly gunzTarPerm extractEntry doc/script.md
255 silly gunzTarPerm modified mode [ 'doc/script.md', 436, 420 ]
256 silly gunzTarPerm extractEntry doc/string_bytes.md
257 silly gunzTarPerm modified mode [ 'doc/string_bytes.md', 436, 420 ]
258 silly gunzTarPerm extractEntry doc/v8_internals.md
259 silly gunzTarPerm modified mode [ 'doc/v8_internals.md', 436, 420 ]
260 silly gunzTarPerm extractEntry doc/v8_misc.md
261 silly gunzTarPerm modified mode [ 'doc/v8_misc.md', 436, 420 ]
262 silly gunzTarPerm extractEntry nan.h
263 silly gunzTarPerm modified mode [ 'nan.h', 436, 420 ]
264 silly gunzTarPerm extractEntry nan_callbacks.h
265 silly gunzTarPerm modified mode [ 'nan_callbacks.h', 436, 420 ]
266 silly gunzTarPerm extractEntry nan_callbacks_12_inl.h
267 silly gunzTarPerm modified mode [ 'nan_callbacks_12_inl.h', 436, 420 ]
268 silly gunzTarPerm extractEntry nan_callbacks_pre_12_inl.h
269 silly gunzTarPerm modified mode [ 'nan_callbacks_pre_12_inl.h', 436, 420 ]
270 silly gunzTarPerm extractEntry nan_converters_43_inl.h
271 silly gunzTarPerm modified mode [ 'nan_converters_43_inl.h', 436, 420 ]
272 silly gunzTarPerm extractEntry nan_converters_pre_43_inl.h
273 silly gunzTarPerm modified mode [ 'nan_converters_pre_43_inl.h', 436, 420 ]
274 silly gunzTarPerm extractEntry nan_implementation_12_inl.h
275 silly gunzTarPerm modified mode [ 'nan_implementation_12_inl.h', 436, 420 ]
276 silly gunzTarPerm extractEntry nan_implementation_pre_12_inl.h
277 silly gunzTarPerm modified mode [ 'nan_implementation_pre_12_inl.h', 436, 420 ]
278 silly gunzTarPerm extractEntry nan_maybe_43_inl.h
279 silly gunzTarPerm modified mode [ 'nan_maybe_43_inl.h', 436, 420 ]
280 silly gunzTarPerm extractEntry nan_maybe_pre_43_inl.h
281 silly gunzTarPerm modified mode [ 'nan_maybe_pre_43_inl.h', 436, 420 ]
282 silly gunzTarPerm extractEntry nan_new.h
283 silly gunzTarPerm modified mode [ 'nan_new.h', 436, 420 ]
284 silly gunzTarPerm extractEntry nan_object_wrap.h
285 silly gunzTarPerm modified mode [ 'nan_object_wrap.h', 436, 420 ]
286 silly gunzTarPerm extractEntry nan_persistent_12_inl.h
287 silly gunzTarPerm modified mode [ 'nan_persistent_12_inl.h', 436, 420 ]
288 silly gunzTarPerm extractEntry nan_persistent_pre_12_inl.h
289 silly gunzTarPerm modified mode [ 'nan_persistent_pre_12_inl.h', 436, 420 ]
290 silly gunzTarPerm extractEntry nan_string_bytes.h
291 silly gunzTarPerm modified mode [ 'nan_string_bytes.h', 436, 420 ]
292 silly gunzTarPerm extractEntry nan_typedarray_contents.h
293 silly gunzTarPerm modified mode [ 'nan_typedarray_contents.h', 436, 420 ]
294 silly gunzTarPerm extractEntry nan_weak.h
295 silly gunzTarPerm modified mode [ 'nan_weak.h', 436, 420 ]
296 silly gunzTarPerm extractEntry CHANGELOG.md
297 silly gunzTarPerm modified mode [ 'CHANGELOG.md', 436, 420 ]
298 silly gunzTarPerm extractEntry tools/package.json
299 silly gunzTarPerm modified mode [ 'tools/package.json', 436, 420 ]
300 silly gunzTarPerm extractEntry tools/README.md
301 silly gunzTarPerm modified mode [ 'tools/README.md', 436, 420 ]
302 silly gunzTarPerm extractEntry tools/1to2.js
303 silly gunzTarPerm modified mode [ 'tools/1to2.js', 509, 493 ]
304 silly gentlyRm /Users/gaoyang/Documents/workspace/meebid-front/node_modules/.staging/bcrypt-bab2034a/node_modules is being purged
305 verbose gentlyRm don't care about contents; nuking /Users/gaoyang/Documents/workspace/meebid-front/node_modules/.staging/bcrypt-bab2034a/node_modules
306 silly gentlyRm /Users/gaoyang/Documents/workspace/meebid-front/node_modules/.staging/nan-4180d8f6/node_modules is being purged
307 verbose gentlyRm don't care about contents; nuking /Users/gaoyang/Documents/workspace/meebid-front/node_modules/.staging/nan-4180d8f6/node_modules
308 silly doParallel preinstall 3
309 silly preinstall bindings@1.2.1 /Users/gaoyang/Documents/workspace/meebid-front/node_modules/.staging/bindings-a2e4bd31
310 info lifecycle bindings@1.2.1~preinstall: bindings@1.2.1
311 silly preinstall nan@2.3.5 /Users/gaoyang/Documents/workspace/meebid-front/node_modules/.staging/nan-4180d8f6
312 info lifecycle nan@2.3.5~preinstall: nan@2.3.5
313 silly preinstall bcrypt@0.8.7 /Users/gaoyang/Documents/workspace/meebid-front/node_modules/.staging/bcrypt-bab2034a
314 info lifecycle bcrypt@0.8.7~preinstall: bcrypt@0.8.7
315 silly lifecycle bindings@1.2.1~preinstall: no script for preinstall, continuing
316 silly lifecycle nan@2.3.5~preinstall: no script for preinstall, continuing
317 silly lifecycle bcrypt@0.8.7~preinstall: no script for preinstall, continuing
318 silly doReverseSerial remove 0
319 silly doSerial move 0
320 silly doSerial finalize 3
321 silly finalize /Users/gaoyang/Documents/workspace/meebid-front/node_modules/bindings
322 silly finalize /Users/gaoyang/Documents/workspace/meebid-front/node_modules/nan
323 silly finalize /Users/gaoyang/Documents/workspace/meebid-front/node_modules/bcrypt
324 silly doSerial build 3
325 silly build bindings@1.2.1
326 info linkStuff bindings@1.2.1
327 silly linkStuff bindings@1.2.1 has /Users/gaoyang/Documents/workspace/meebid-front/node_modules as its parent node_modules
328 verbose linkBins bindings@1.2.1
329 verbose linkMans bindings@1.2.1
330 silly build nan@2.3.5
331 info linkStuff nan@2.3.5
332 silly linkStuff nan@2.3.5 has /Users/gaoyang/Documents/workspace/meebid-front/node_modules as its parent node_modules
333 verbose linkBins nan@2.3.5
334 verbose linkMans nan@2.3.5
335 silly build bcrypt@0.8.7
336 info linkStuff bcrypt@0.8.7
337 silly linkStuff bcrypt@0.8.7 has /Users/gaoyang/Documents/workspace/meebid-front/node_modules as its parent node_modules
338 verbose linkBins bcrypt@0.8.7
339 verbose linkMans bcrypt@0.8.7
340 silly doSerial global-link 0
341 silly doParallel update-linked 0
342 silly doSerial install 3
343 silly install bindings@1.2.1 /Users/gaoyang/Documents/workspace/meebid-front/node_modules/.staging/bindings-a2e4bd31
344 info lifecycle bindings@1.2.1~install: bindings@1.2.1
345 silly lifecycle bindings@1.2.1~install: no script for install, continuing
346 silly install nan@2.3.5 /Users/gaoyang/Documents/workspace/meebid-front/node_modules/.staging/nan-4180d8f6
347 info lifecycle nan@2.3.5~install: nan@2.3.5
348 silly lifecycle nan@2.3.5~install: no script for install, continuing
349 silly install bcrypt@0.8.7 /Users/gaoyang/Documents/workspace/meebid-front/node_modules/.staging/bcrypt-bab2034a
350 info lifecycle bcrypt@0.8.7~install: bcrypt@0.8.7
351 verbose lifecycle bcrypt@0.8.7~install: unsafe-perm in lifecycle true
352 verbose lifecycle bcrypt@0.8.7~install: PATH: /Users/gaoyang/.meteor/packages/meteor-tool/.1.4.2.g8rrin++os.osx.x86_64+web.browser+web.cordova/mt-os.osx.x86_64/dev_bundle/lib/node_modules/npm/bin/node-gyp-bin:/Users/gaoyang/Documents/workspace/meebid-front/node_modules/bcrypt/node_modules/.bin:/Users/gaoyang/Documents/workspace/meebid-front/node_modules/.bin:/Users/gaoyang/.meteor/packages/meteor-tool/.1.4.2.g8rrin++os.osx.x86_64+web.browser+web.cordova/mt-os.osx.x86_64/dev_bundle/bin:/Users/gaoyang/.meteor/packages/meteor-tool/.1.4.2.g8rrin++os.osx.x86_64+web.browser+web.cordova/mt-os.osx.x86_64/dev_bundle/lib/node_modules/.bin:/usr/local/bin:/usr/bin:/bin:/usr/sbin:/sbin:/Users/gaoyang/Documents/app/apache-tomcat-7.0.67/bin
353 verbose lifecycle bcrypt@0.8.7~install: CWD: /Users/gaoyang/Documents/workspace/meebid-front/node_modules/bcrypt
354 silly lifecycle bcrypt@0.8.7~install: Args: [ '-c', 'node-gyp rebuild' ]
355 silly lifecycle bcrypt@0.8.7~install: Returned: code: 1  signal: null
356 info lifecycle bcrypt@0.8.7~install: Failed to exec install script
357 verbose unlock done using /Users/gaoyang/.npm/_locks/staging-35fffa94a4fa19ee.lock for /Users/gaoyang/Documents/workspace/meebid-front/node_modules/.staging
358 silly rollbackFailedOptional Starting
359 silly rollbackFailedOptional Finishing
360 silly runTopLevelLifecycles Finishing
361 silly install printInstalled
362 verbose stack Error: bcrypt@0.8.7 install: `node-gyp rebuild`
362 verbose stack Exit status 1
362 verbose stack     at EventEmitter.<anonymous> (/Users/gaoyang/.meteor/packages/meteor-tool/.1.4.2.g8rrin++os.osx.x86_64+web.browser+web.cordova/mt-os.osx.x86_64/dev_bundle/lib/node_modules/npm/lib/utils/lifecycle.js:255:16)
362 verbose stack     at emitTwo (events.js:87:13)
362 verbose stack     at EventEmitter.emit (events.js:172:7)
362 verbose stack     at ChildProcess.<anonymous> (/Users/gaoyang/.meteor/packages/meteor-tool/.1.4.2.g8rrin++os.osx.x86_64+web.browser+web.cordova/mt-os.osx.x86_64/dev_bundle/lib/node_modules/npm/lib/utils/spawn.js:40:14)
362 verbose stack     at emitTwo (events.js:87:13)
362 verbose stack     at ChildProcess.emit (events.js:172:7)
362 verbose stack     at maybeClose (internal/child_process.js:829:16)
362 verbose stack     at Process.ChildProcess._handle.onexit (internal/child_process.js:211:5)
363 verbose pkgid bcrypt@0.8.7
364 verbose cwd /Users/gaoyang/Documents/workspace/meebid-front
365 error Darwin 15.4.0
366 error argv "/Users/gaoyang/.meteor/packages/meteor-tool/.1.4.2.g8rrin++os.osx.x86_64+web.browser+web.cordova/mt-os.osx.x86_64/dev_bundle/bin/node" "/Users/gaoyang/.meteor/packages/meteor-tool/.1.4.2.g8rrin++os.osx.x86_64+web.browser+web.cordova/mt-os.osx.x86_64/dev_bundle/bin/npm" "install" "bcrypt"
367 error node v4.6.1
368 error npm  v3.10.9
369 error code ELIFECYCLE
370 error bcrypt@0.8.7 install: `node-gyp rebuild`
370 error Exit status 1
371 error Failed at the bcrypt@0.8.7 install script 'node-gyp rebuild'.
371 error Make sure you have the latest version of node.js and npm installed.
371 error If you do, this is most likely a problem with the bcrypt package,
371 error not with npm itself.
371 error Tell the author that this fails on your system:
371 error     node-gyp rebuild
371 error You can get information on how to open an issue for this project with:
371 error     npm bugs bcrypt
371 error Or if that isn't available, you can get their info via:
371 error     npm owner ls bcrypt
371 error There is likely additional logging output above.
372 verbose exit [ 1, true ]
